0 info it worked if it ends with ok
1 verbose cli [ '/usr/local/bin/node', '/usr/local/bin/npm', 'run', 'commit' ]
2 info using npm@3.10.10
3 info using node@v6.9.5
4 verbose run-script [ 'precommit', 'commit', 'postcommit' ]
5 info lifecycle docx-merger@1.0.0~precommit: docx-merger@1.0.0
6 silly lifecycle docx-merger@1.0.0~precommit: no script for precommit, continuing
7 info lifecycle docx-merger@1.0.0~commit: docx-merger@1.0.0
8 verbose lifecycle docx-merger@1.0.0~commit: unsafe-perm in lifecycle true
9 verbose lifecycle docx-merger@1.0.0~commit: PATH: /usr/local/lib/node_modules/npm/bin/node-gyp-bin:/home/ojas/Projects/docx-merger/node_modules/.bin:/opt/anaconda2/bin:/usr/local/sbin:/usr/local/bin:/usr/sbin:/usr/bin:/sbin:/bin:/usr/games:/usr/local/games:/snap/bin:/snap/bin
10 verbose lifecycle docx-merger@1.0.0~commit: CWD: /home/ojas/Projects/docx-merger
11 silly lifecycle docx-merger@1.0.0~commit: Args: [ '-c', 'git-cz' ]
12 silly lifecycle docx-merger@1.0.0~commit: Returned: code: 1  signal: null
13 info lifecycle docx-merger@1.0.0~commit: Failed to exec commit script
14 verbose stack Error: docx-merger@1.0.0 commit: `git-cz`
14 verbose stack Exit status 1
14 verbose stack     at EventEmitter.<anonymous> (/usr/local/lib/node_modules/npm/lib/utils/lifecycle.js:255:16)
14 verbose stack     at emitTwo (events.js:106:13)
14 verbose stack     at EventEmitter.emit (events.js:191:7)
14 verbose stack     at ChildProcess.<anonymous> (/usr/local/lib/node_modules/npm/lib/utils/spawn.js:40:14)
14 verbose stack     at emitTwo (events.js:106:13)
14 verbose stack     at ChildProcess.emit (events.js:191:7)
14 verbose stack     at maybeClose (internal/child_process.js:877:16)
14 verbose stack     at Process.ChildProcess._handle.onexit (internal/child_process.js:226:5)
15 verbose pkgid docx-merger@1.0.0
16 verbose cwd /home/ojas/Projects/docx-merger
17 error Linux 4.8.0-59-generic
18 error argv "/usr/local/bin/node" "/usr/local/bin/npm" "run" "commit"
19 error node v6.9.5
20 error npm  v3.10.10
21 error code ELIFECYCLE
22 error docx-merger@1.0.0 commit: `git-cz`
22 error Exit status 1
23 error Failed at the docx-merger@1.0.0 commit script 'git-cz'.
23 error Make sure you have the latest version of node.js and npm installed.
23 error If you do, this is most likely a problem with the docx-merger package,
23 error not with npm itself.
23 error Tell the author that this fails on your system:
23 error     git-cz
23 error You can get information on how to open an issue for this project with:
23 error     npm bugs docx-merger
23 error Or if that isn't available, you can get their info via:
23 error     npm owner ls docx-merger
23 error There is likely additional logging output above.
24 verbose exit [ 1, true ]
